C51 COMPILER V9.60.0.0   MAIN                                                              06/21/2022 18:39:58 PAGE 1   


C51 COMPILER V9.60.0.0, COMPILATION OF MODULE MAIN
OBJECT MODULE PLACED IN .\Objects\main.obj
COMPILER INVOKED BY: D:\C51\BIN\C51.EXE main.c OPTIMIZE(8,SPEED) BROWSE DEBUG OBJECTEXTEND PRINT(.\Listings\main.lst) TA
                    -BS(2) OBJECT(.\Objects\main.obj)

line level    source

   1          //****************************************************************//
   2          //           DHT11数字温湿度传感器
   3          //单片机 AT89S52 或 STC89C52RC
   4          //功能   蓝牙发送温湿度数据 晶振 11.0592M 波特率 9600
   5          //硬件   P2.0口为通讯口连接DHT11,DHT11的电源和地连接单片机的电源和地
   6          //公司   大信物联网 https://daxiniot.taobao.com
   7          //****************************************************************//
   8          
   9          #include <reg51.h>
  10          #include <intrins.h>
  11          
  12          typedef unsigned char  U8;       /* defined for unsigned 8-bits integer variable           无符号8位
             -型变量  */
  13          typedef unsigned int   U16;      /* defined for unsigned 16-bits integer variable           无符号16位
             -整型变量 */
  14          #define uchar unsigned char
  15          #define uint unsigned int
  16          
  17          //----------------IO口定义区--------------------//
  18          sbit  P2_0  = P2^0 ;
  19          
  20          //----------------定义区--------------------//
  21          U8  U8temp;
  22          U8  humidity_H,humidity_L,temperature_H,temperature_L,checkdata;
  23          U8  str[5]= {"RS232"};
  24          
  25          void Delay(U16 j)
  26          {   U8 i;
  27   1          for(; j>0; j--)
  28   1          {
  29   2              for(i=0; i<27; i++);
  30   2          }
  31   1      }
  32          /**
  33          *串口发送一个字节
  34          */
  35          void sendOneChar(uchar a)
  36          {
  37   1          SBUF = a;
  38   1          while(TI==0);
  39   1          TI=0;
  40   1      }
  41          
  42          
  43          /**
  44          *延时函数：单位 ms
  45          */
  46          void delayms(uint x)
  47          {
  48   1          uint i,j;
  49   1          for(i=x; i>0; i--)
  50   1              for(j=110; j>0; j--);
  51   1      }
  52          /**
C51 COMPILER V9.60.0.0   MAIN                                                              06/21/2022 18:39:58 PAGE 2   

  53          *延时函数： 延时10us
  54          */
  55          void  Delay_10us(void)
  56          {
  57   1          U8 i;
  58   1          i--;
  59   1          i--;
  60   1          i--;
  61   1          i--;
  62   1          i--;
  63   1          i--;
  64   1      }
  65          
  66          /**
  67          *延时函数： 延时10us
  68          */
  69          void delay13us()
  70          {
  71   1        U8 i;
  72   1        i--;
  73   1        i--;
  74   1        i--;
  75   1        i--;
  76   1        i--;
  77   1        i--;
  78   1        i--;
  79   1        i--;
  80   1      }
  81          
  82          /**
  83          *根据时序计算温湿度值
  84          */
  85          U8 computeData()
  86          {
  87   1          U8 i,U8comdata;
  88   1          for(i=0; i<8; i++)
  89   1          {
  90   2              while(P2_0==0);       //等待54us低电平
  91   2              Delay_10us();         //延时30us确认高电平是否结束
  92   2              Delay_10us();
  93   2              Delay_10us();
  94   2              U8temp=0;
  95   2              if(P2_0==1)           //如果高电平高过预定0高电平
  96   2              {                     //值则数据位为 1
  97   3                  U8temp=1;
  98   3              }
  99   2              while(P2_0==1);     //等待高电平结束
 100   2              U8comdata<<=1;
 101   2              U8comdata|=U8temp;
 102   2          }
 103   1          return U8comdata;
 104   1      }
 105          
 106          //--------------------------------
 107          //-----湿度读取子程序 ------------
 108          //--------------------------------
 109          //----以下变量均为全局变量--------
 110          //----温度高8位== temperature_H------
 111          //----温度低8位== temperature_L------
 112          //----湿度高8位== humidity_H-----
 113          //----湿度低8位== humidity_L-----
 114          //----校验 8位 == checkdata-----
C51 COMPILER V9.60.0.0   MAIN                                                              06/21/2022 18:39:58 PAGE 3   

 115          //--------------------------------
 116          void readData()
 117          {
 118   1          U8  humidity_H_temp,humidity_L_temp,temperature_H_temp,temperature_L_temp,checkdata_temp;
 119   1          //主机拉低不少于18ms
 120   1          P2_0=0;
 121   1          delayms(20);
 122   1          //总线由上拉电阻拉高 主机延时13us最多20us 等待DHT11低电平响应
 123   1          P2_0=1;
 124   1          delay13us();
 125   1          //判断从机是否有低电平响应信号
 126   1          if(P2_0==0)
 127   1          {
 128   2              while(P2_0==0);       //判断DHT11发出 83us 的低电平响应信号是否结束
 129   2              while(P2_0==1);       //判断DHT11发出 87us 的高电平是否结束
 130   2              //数据接收状态
 131   2              humidity_H_temp = computeData();
 132   2              humidity_L_temp = computeData();
 133   2              temperature_H_temp = computeData();
 134   2              temperature_L_temp = computeData();
 135   2              checkdata_temp = computeData();
 136   2              P2_0 = 1;   //data拉高释放总线
 137   2              //数据校验
 138   2              if(checkdata_temp == humidity_H_temp + humidity_L_temp + temperature_H_temp + temperature_L_temp)
 139   2              {
 140   3                  humidity_H = humidity_H_temp;
 141   3                  humidity_L = humidity_L_temp;
 142   3                  temperature_H = temperature_H_temp;
 143   3                  temperature_L = temperature_L_temp;
 144   3                  checkdata = checkdata_temp;
 145   3              }
 146   2          }
 147   1      
 148   1      }
 149          
 150          //----------------------------------------------
 151          //main()功能描述:  STC89C52RC  11.0592MHz   串口发送温湿度数据,波特率 9600
 152          //----------------------------------------------
 153          void main()
 154          {
 155   1          U8  i;
 156   1          TMOD = 0x20;          //定时器T1使用工作方式2
 157   1          TH1 = 253;        // 设置初值
 158   1          TL1 = 253;
 159   1          TR1 = 1;          // 开始计时
 160   1          SCON = 0x50;          //工作方式1，波特率9600bps，允许接收
 161   1          ES = 1;
 162   1          EA = 1;           // 打开所以中断
 163   1          TI = 0;
 164   1          RI = 0;
 165   1          Delay(1);         //延时100US（12M晶振)
 166   1          while(1)
 167   1          {
 168   2              //调用温湿度读取子程序
 169   2              readData();
 170   2              str[0]=humidity_H;
 171   2              str[1]=humidity_L;
 172   2              str[2]=temperature_H;
 173   2              str[3]=temperature_L;
 174   2              str[4]=checkdata;
 175   2              //发送到串口
 176   2              for(i=0; i<5; i++)
C51 COMPILER V9.60.0.0   MAIN                                                              06/21/2022 18:39:58 PAGE 4   

 177   2              {
 178   3                  sendOneChar(str[i]);
 179   3              }
 180   2              //读取模块数据周期不易小于 2S
 181   2              delayms(2000);
 182   2          }
 183   1      
 184   1      }
 185          
 186          


MODULE INFORMATION:   STATIC OVERLAYABLE
   CODE SIZE        =    325    ----
   CONSTANT SIZE    =   ----    ----
   XDATA SIZE       =   ----    ----
   PDATA SIZE       =   ----    ----
   DATA SIZE        =     11       4
   IDATA SIZE       =   ----    ----
   BIT SIZE         =   ----    ----
END OF MODULE INFORMATION.


C51 COMPILATION COMPLETE.  0 WARNING(S),  0 ERROR(S)
